# JRE version: Java(TM) SE Runtime Environment (8.0_45-b15) (build 1.8.0_45-b15)
# Java VM: Java HotSpot(TM) 64-Bit Server VM (25.45-b02 mixed mode windows-amd64 compressed oops)
Heap:
 PSYoungGen      total 223232K, used 125602K [0x00000000eb400000, 0x0000000100000000, 0x0000000100000000)
  eden space 126976K, 35% used [0x00000000eb400000,0x00000000ee01b7b8,0x00000000f3000000)
  from space 96256K, 83% used [0x00000000fa200000,0x00000000ff08d308,0x0000000100000000)
  to   space 106496K, 0% used [0x00000000f3000000,0x00000000f3000000,0x00000000f9800000)
 ParOldGen       total 234496K, used 142676K [0x00000000c1c00000, 0x00000000d0100000, 0x00000000eb400000)
  object space 234496K, 60% used [0x00000000c1c00000,0x00000000ca755188,0x00000000d0100000)
 Metaspace       used 16204K, capacity 16432K, committed 16768K, reserved 1064960K
  class space    used 1813K, capacity 1872K, committed 1920K, reserved 1048576K
GC Heap History (10 events):
Event: 4.307 GC heap before
{Heap before GC invocations=15 (full 2):
 PSYoungGen      total 232448K, used 232434K [0x00000000eb400000, 0x00000000ff200000, 0x0000000100000000)
  eden space 178176K, 100% used [0x00000000eb400000,0x00000000f6200000,0x00000000f6200000)
  from space 54272K, 99% used [0x00000000fa280000,0x00000000fd77c830,0x00000000fd780000)
  to   space 66048K, 0% used [0x00000000f6200000,0x00000000f6200000,0x00000000fa280000)
 ParOldGen       total 122880K, used 79055K [0x00000000c1c00000, 0x00000000c9400000, 0x00000000eb400000)
  object space 122880K, 64% used [0x00000000c1c00000,0x00000000c6933d90,0x00000000c9400000)
 Metaspace       used 11498K, capacity 11710K, committed 11776K, reserved 1060864K
  class space    used 1184K, capacity 1280K, committed 1280K, reserved 1048576K
Event: 4.350 GC heap after
Heap after GC invocations=15 (full 2):
 PSYoungGen      total 244224K, used 64978K [0x00000000eb400000, 0x0000000100000000, 0x0000000100000000)
  eden space 178176K, 0% used [0x00000000eb400000,0x00000000eb400000,0x00000000f6200000)
  from space 66048K, 98% used [0x00000000f6200000,0x00000000fa174b88,0x00000000fa280000)
  to   space 76800K, 0% used [0x00000000fb500000,0x00000000fb500000,0x0000000100000000)
 ParOldGen       total 122880K, used 92812K [0x00000000c1c00000, 0x00000000c9400000, 0x00000000eb400000)
  object space 122880K, 75% used [0x00000000c1c00000,0x00000000c76a3310,0x00000000c9400000)
 Metaspace       used 11498K, capacity 11710K, committed 11776K, reserved 1060864K
  class space    used 1184K, capacity 1280K, committed 1280K, reserved 1048576K
}
Event: 4.641 GC heap before
{Heap before GC invocations=16 (full 2):
 PSYoungGen      total 244224K, used 243154K [0x00000000eb400000, 0x0000000100000000, 0x0000000100000000)
  eden space 178176K, 100% used [0x00000000eb400000,0x00000000f6200000,0x00000000f6200000)
  from space 66048K, 98% used [0x00000000f6200000,0x00000000fa174b88,0x00000000fa280000)
  to   space 76800K, 0% used [0x00000000fb500000,0x00000000fb500000,0x0000000100000000)
 ParOldGen       total 122880K, used 92812K [0x00000000c1c00000, 0x00000000c9400000, 0x00000000eb400000)
  object space 122880K, 75% used [0x00000000c1c00000,0x00000000c76a3310,0x00000000c9400000)
 Metaspace       used 11499K, capacity 11710K, committed 11776K, reserved 1060864K
  class space    used 1184K, capacity 1280K, committed 1280K, reserved 1048576K
Event: 4.688 GC heap after
Heap after GC invocations=16 (full 2):
 PSYoungGen      total 229376K, used 76772K [0x00000000eb400000, 0x0000000100000000, 0x0000000100000000)
  eden space 152576K, 0% used [0x00000000eb400000,0x00000000eb400000,0x00000000f4900000)
  from space 76800K, 99% used [0x00000000fb500000,0x00000000ffff9280,0x0000000100000000)
  to   space 93696K, 0% used [0x00000000f4900000,0x00000000f4900000,0x00000000fa480000)
 ParOldGen       total 122880K, used 103652K [0x00000000c1c00000, 0x00000000c9400000, 0x00000000eb400000)
  object space 122880K, 84% used [0x00000000c1c00000,0x00000000c81393e8,0x00000000c9400000)
 Metaspace       used 11499K, capacity 11710K, committed 11776K, reserved 1060864K
  class space    used 1184K, capacity 1280K, committed 1280K, reserved 1048576K
}
Event: 4.919 GC heap before
{Heap before GC invocations=17 (full 2):
 PSYoungGen      total 229376K, used 229348K [0x00000000eb400000, 0x0000000100000000, 0x0000000100000000)
  eden space 152576K, 100% used [0x00000000eb400000,0x00000000f4900000,0x00000000f4900000)
  from space 76800K, 99% used [0x00000000fb500000,0x00000000ffff9280,0x0000000100000000)
  to   space 93696K, 0% used [0x00000000f4900000,0x00000000f4900000,0x00000000fa480000)
 ParOldGen       total 122880K, used 103652K [0x00000000c1c00000, 0x00000000c9400000, 0x00000000eb400000)
  object space 122880K, 84% used [0x00000000c1c00000,0x00000000c81393e8,0x00000000c9400000)
 Metaspace       used 11501K, capacity 11710K, committed 11776K, reserved 1060864K
  class space    used 1184K, capacity 1280K, committed 1280K, reserved 1048576K
Event: 4.969 GC heap after
Heap after GC invocations=17 (full 2):
 PSYoungGen      total 211456K, used 58871K [0x00000000eb400000, 0x0000000100000000, 0x0000000100000000)
  eden space 152576K, 0% used [0x00000000eb400000,0x00000000eb400000,0x00000000f4900000)
  from space 58880K, 99% used [0x00000000f4900000,0x00000000f827dea8,0x00000000f8280000)
  to   space 96256K, 0% used [0x00000000fa200000,0x00000000fa200000,0x0000000100000000)
 ParOldGen       total 143360K, used 143036K [0x00000000c1c00000, 0x00000000ca800000, 0x00000000eb400000)
  object space 143360K, 99% used [0x00000000c1c00000,0x00000000ca7af0e0,0x00000000ca800000)
 Metaspace       used 11501K, capacity 11710K, committed 11776K, reserved 1060864K
  class space    used 1184K, capacity 1280K, committed 1280K, reserved 1048576K
}
Event: 4.969 GC heap before
{Heap before GC invocations=18 (full 3):
 PSYoungGen      total 211456K, used 58871K [0x00000000eb400000, 0x0000000100000000, 0x0000000100000000)
  eden space 152576K, 0% used [0x00000000eb400000,0x00000000eb400000,0x00000000f4900000)
  from space 58880K, 99% used [0x00000000f4900000,0x00000000f827dea8,0x00000000f8280000)
  to   space 96256K, 0% used [0x00000000fa200000,0x00000000fa200000,0x0000000100000000)
 ParOldGen       total 143360K, used 143036K [0x00000000c1c00000, 0x00000000ca800000, 0x00000000eb400000)
  object space 143360K, 99% used [0x00000000c1c00000,0x00000000ca7af0e0,0x00000000ca800000)
 Metaspace       used 11501K, capacity 11710K, committed 11776K, reserved 1060864K
  class space    used 1184K, capacity 1280K, committed 1280K, reserved 1048576K
Event: 6.189 GC heap after
Heap after GC invocations=18 (full 3):
 PSYoungGen      total 211456K, used 58658K [0x00000000eb400000, 0x0000000100000000, 0x0000000100000000)
  eden space 152576K, 0% used [0x00000000eb400000,0x00000000eb400000,0x00000000f4900000)
  from space 58880K, 99% used [0x00000000f4900000,0x00000000f8248830,0x00000000f8280000)
  to   space 96256K, 0% used [0x00000000fa200000,0x00000000fa200000,0x0000000100000000)
 ParOldGen       total 234496K, used 142676K [0x00000000c1c00000, 0x00000000d0100000, 0x00000000eb400000)
  object space 234496K, 60% used [0x00000000c1c00000,0x00000000ca755188,0x00000000d0100000)
 Metaspace       used 11501K, capacity 11710K, committed 11776K, reserved 1060864K
  class space    used 1184K, capacity 1280K, committed 1280K, reserved 1048576K
}
Event: 6.419 GC heap before
{Heap before GC invocations=19 (full 3):
 PSYoungGen      total 211456K, used 211234K [0x00000000eb400000, 0x0000000100000000, 0x0000000100000000)
  eden space 152576K, 100% used [0x00000000eb400000,0x00000000f4900000,0x00000000f4900000)
  from space 58880K, 99% used [0x00000000f4900000,0x00000000f8248830,0x00000000f8280000)
  to   space 96256K, 0% used [0x00000000fa200000,0x00000000fa200000,0x0000000100000000)
 ParOldGen       total 234496K, used 142676K [0x00000000c1c00000, 0x00000000d0100000, 0x00000000eb400000)
  object space 234496K, 60% used [0x00000000c1c00000,0x00000000ca755188,0x00000000d0100000)
 Metaspace       used 11519K, capacity 11710K, committed 11776K, reserved 1060864K
  class space    used 1184K, capacity 1280K, committed 1280K, reserved 1048576K
Event: 6.473 GC heap after
Heap after GC invocations=19 (full 3):
 PSYoungGen      total 223232K, used 80436K [0x00000000eb400000, 0x0000000100000000, 0x0000000100000000)
  eden space 126976K, 0% used [0x00000000eb400000,0x00000000eb400000,0x00000000f3000000)
  from space 96256K, 83% used [0x00000000fa200000,0x00000000ff08d308,0x0000000100000000)
  to   space 106496K, 0% used [0x00000000f3000000,0x00000000f3000000,0x00000000f9800000)
 ParOldGen       total 234496K, used 142676K [0x00000000c1c00000, 0x00000000d0100000, 0x00000000eb400000)
  object space 234496K, 60% used [0x00000000c1c00000,0x00000000ca755188,0x00000000d0100000)
 Metaspace       used 11519K, capacity 11710K, committed 11776K, reserved 1060864K
  class space    used 1184K, capacity 1280K, committed 1280K, reserved 1048576K
}

