# JRE version: Java(TM) SE Runtime Environment (8.0_45-b15) (build 1.8.0_45-b15)
# Java VM: Java HotSpot(TM) 64-Bit Server VM (25.45-b02 mixed mode windows-amd64 compressed oops)
Heap:
 PSYoungGen      total 146432K, used 136660K [0x00000000eb400000, 0x00000000f5c00000, 0x0000000100000000)
  eden space 128512K, 93% used [0x00000000eb400000,0x00000000f290f558,0x00000000f3180000)
  from space 17920K, 93% used [0x00000000f4580000,0x00000000f55e5d28,0x00000000f5700000)
  to   space 20480K, 0% used [0x00000000f3180000,0x00000000f3180000,0x00000000f4580000)
 ParOldGen       total 44032K, used 24574K [0x00000000c1c00000, 0x00000000c4700000, 0x00000000eb400000)
  object space 44032K, 55% used [0x00000000c1c00000,0x00000000c33ff8d8,0x00000000c4700000)
 Metaspace       used 15916K, capacity 16106K, committed 16256K, reserved 1062912K
  class space    used 1794K, capacity 1871K, committed 1920K, reserved 1048576K
GC Heap History (10 events):
Event: 0.965 GC heap before
{Heap before GC invocations=4 (full 0):
 PSYoungGen      total 18944K, used 18943K [0x00000000eb400000, 0x00000000ed900000, 0x0000000100000000)
  eden space 16384K, 100% used [0x00000000eb400000,0x00000000ec400000,0x00000000ec400000)
  from space 2560K, 99% used [0x00000000ec400000,0x00000000ec67fd70,0x00000000ec680000)
  to   space 2560K, 0% used [0x00000000ed680000,0x00000000ed680000,0x00000000ed900000)
 ParOldGen       total 44032K, used 13928K [0x00000000c1c00000, 0x00000000c4700000, 0x00000000eb400000)
  object space 44032K, 31% used [0x00000000c1c00000,0x00000000c299a2a8,0x00000000c4700000)
 Metaspace       used 11317K, capacity 11518K, committed 11520K, reserved 1058816K
  class space    used 1200K, capacity 1280K, committed 1280K, reserved 1048576K
Event: 0.969 GC heap after
Heap after GC invocations=4 (full 0):
 PSYoungGen      total 35328K, used 2529K [0x00000000eb400000, 0x00000000ed900000, 0x0000000100000000)
  eden space 32768K, 0% used [0x00000000eb400000,0x00000000eb400000,0x00000000ed400000)
  from space 2560K, 98% used [0x00000000ed680000,0x00000000ed8f8720,0x00000000ed900000)
  to   space 2560K, 0% used [0x00000000ed400000,0x00000000ed400000,0x00000000ed680000)
 ParOldGen       total 44032K, used 16285K [0x00000000c1c00000, 0x00000000c4700000, 0x00000000eb400000)
  object space 44032K, 36% used [0x00000000c1c00000,0x00000000c2be7628,0x00000000c4700000)
 Metaspace       used 11317K, capacity 11518K, committed 11520K, reserved 1058816K
  class space    used 1200K, capacity 1280K, committed 1280K, reserved 1048576K
}
Event: 1.097 GC heap before
{Heap before GC invocations=5 (full 0):
 PSYoungGen      total 35328K, used 35297K [0x00000000eb400000, 0x00000000ed900000, 0x0000000100000000)
  eden space 32768K, 100% used [0x00000000eb400000,0x00000000ed400000,0x00000000ed400000)
  from space 2560K, 98% used [0x00000000ed680000,0x00000000ed8f8720,0x00000000ed900000)
  to   space 2560K, 0% used [0x00000000ed400000,0x00000000ed400000,0x00000000ed680000)
 ParOldGen       total 44032K, used 16285K [0x00000000c1c00000, 0x00000000c4700000, 0x00000000eb400000)
  object space 44032K, 36% used [0x00000000c1c00000,0x00000000c2be7628,0x00000000c4700000)
 Metaspace       used 11414K, capacity 11646K, committed 11776K, reserved 1060864K
  class space    used 1203K, capacity 1280K, committed 1280K, reserved 1048576K
Event: 1.101 GC heap after
Heap after GC invocations=5 (full 0):
 PSYoungGen      total 35328K, used 2554K [0x00000000eb400000, 0x00000000f1000000, 0x0000000100000000)
  eden space 32768K, 0% used [0x00000000eb400000,0x00000000eb400000,0x00000000ed400000)
  from space 2560K, 99% used [0x00000000ed400000,0x00000000ed67e880,0x00000000ed680000)
  to   space 14336K, 0% used [0x00000000f0200000,0x00000000f0200000,0x00000000f1000000)
 ParOldGen       total 44032K, used 19765K [0x00000000c1c00000, 0x00000000c4700000, 0x00000000eb400000)
  object space 44032K, 44% used [0x00000000c1c00000,0x00000000c2f4d658,0x00000000c4700000)
 Metaspace       used 11414K, capacity 11646K, committed 11776K, reserved 1060864K
  class space    used 1203K, capacity 1280K, committed 1280K, reserved 1048576K
}
Event: 1.177 GC heap before
{Heap before GC invocations=6 (full 0):
 PSYoungGen      total 35328K, used 35322K [0x00000000eb400000, 0x00000000f1000000, 0x0000000100000000)
  eden space 32768K, 100% used [0x00000000eb400000,0x00000000ed400000,0x00000000ed400000)
  from space 2560K, 99% used [0x00000000ed400000,0x00000000ed67e880,0x00000000ed680000)
  to   space 14336K, 0% used [0x00000000f0200000,0x00000000f0200000,0x00000000f1000000)
 ParOldGen       total 44032K, used 19765K [0x00000000c1c00000, 0x00000000c4700000, 0x00000000eb400000)
  object space 44032K, 44% used [0x00000000c1c00000,0x00000000c2f4d658,0x00000000c4700000)
 Metaspace       used 11419K, capacity 11646K, committed 11776K, reserved 1060864K
  class space    used 1203K, capacity 1280K, committed 1280K, reserved 1048576K
Event: 1.181 GC heap after
Heap after GC invocations=6 (full 0):
 PSYoungGen      total 77824K, used 5231K [0x00000000eb400000, 0x00000000f0e00000, 0x0000000100000000)
  eden space 65536K, 0% used [0x00000000eb400000,0x00000000eb400000,0x00000000ef400000)
  from space 12288K, 42% used [0x00000000f0200000,0x00000000f071bc20,0x00000000f0e00000)
  to   space 13312K, 0% used [0x00000000ef400000,0x00000000ef400000,0x00000000f0100000)
 ParOldGen       total 44032K, used 19773K [0x00000000c1c00000, 0x00000000c4700000, 0x00000000eb400000)
  object space 44032K, 44% used [0x00000000c1c00000,0x00000000c2f4f658,0x00000000c4700000)
 Metaspace       used 11419K, capacity 11646K, committed 11776K, reserved 1060864K
  class space    used 1203K, capacity 1280K, committed 1280K, reserved 1048576K
}
Event: 1.296 GC heap before
{Heap before GC invocations=7 (full 0):
 PSYoungGen      total 77824K, used 70767K [0x00000000eb400000, 0x00000000f0e00000, 0x0000000100000000)
  eden space 65536K, 100% used [0x00000000eb400000,0x00000000ef400000,0x00000000ef400000)
  from space 12288K, 42% used [0x00000000f0200000,0x00000000f071bc20,0x00000000f0e00000)
  to   space 13312K, 0% used [0x00000000ef400000,0x00000000ef400000,0x00000000f0100000)
 ParOldGen       total 44032K, used 19773K [0x00000000c1c00000, 0x00000000c4700000, 0x00000000eb400000)
  object space 44032K, 44% used [0x00000000c1c00000,0x00000000c2f4f658,0x00000000c4700000)
 Metaspace       used 11419K, capacity 11646K, committed 11776K, reserved 1060864K
  class space    used 1203K, capacity 1280K, committed 1280K, reserved 1048576K
Event: 1.313 GC heap after
Heap after GC invocations=7 (full 0):
 PSYoungGen      total 78848K, used 13304K [0x00000000eb400000, 0x00000000f5700000, 0x0000000100000000)
  eden space 65536K, 0% used [0x00000000eb400000,0x00000000eb400000,0x00000000ef400000)
  from space 13312K, 99% used [0x00000000ef400000,0x00000000f00fe348,0x00000000f0100000)
  to   space 17920K, 0% used [0x00000000f4580000,0x00000000f4580000,0x00000000f5700000)
 ParOldGen       total 44032K, used 23985K [0x00000000c1c00000, 0x00000000c4700000, 0x00000000eb400000)
  object space 44032K, 54% used [0x00000000c1c00000,0x00000000c336c6b8,0x00000000c4700000)
 Metaspace       used 11419K, capacity 11646K, committed 11776K, reserved 1060864K
  class space    used 1203K, capacity 1280K, committed 1280K, reserved 1048576K
}
Event: 1.688 GC heap before
{Heap before GC invocations=8 (full 0):
 PSYoungGen      total 78848K, used 78840K [0x00000000eb400000, 0x00000000f5700000, 0x0000000100000000)
  eden space 65536K, 100% used [0x00000000eb400000,0x00000000ef400000,0x00000000ef400000)
  from space 13312K, 99% used [0x00000000ef400000,0x00000000f00fe348,0x00000000f0100000)
  to   space 17920K, 0% used [0x00000000f4580000,0x00000000f4580000,0x00000000f5700000)
 ParOldGen       total 44032K, used 23985K [0x00000000c1c00000, 0x00000000c4700000, 0x00000000eb400000)
  object space 44032K, 54% used [0x00000000c1c00000,0x00000000c336c6b8,0x00000000c4700000)
 Metaspace       used 11515K, capacity 11710K, committed 11776K, reserved 1060864K
  class space    used 1206K, capacity 1280K, committed 1280K, reserved 1048576K
Event: 1.697 GC heap after
Heap after GC invocations=8 (full 0):
 PSYoungGen      total 146432K, used 16791K [0x00000000eb400000, 0x00000000f5c00000, 0x0000000100000000)
  eden space 128512K, 0% used [0x00000000eb400000,0x00000000eb400000,0x00000000f3180000)
  from space 17920K, 93% used [0x00000000f4580000,0x00000000f55e5d28,0x00000000f5700000)
  to   space 20480K, 0% used [0x00000000f3180000,0x00000000f3180000,0x00000000f4580000)
 ParOldGen       total 44032K, used 24574K [0x00000000c1c00000, 0x00000000c4700000, 0x00000000eb400000)
  object space 44032K, 55% used [0x00000000c1c00000,0x00000000c33ff8d8,0x00000000c4700000)
 Metaspace       used 11515K, capacity 11710K, committed 11776K, reserved 1060864K
  class space    used 1206K, capacity 1280K, committed 1280K, reserved 1048576K
}

